e:\users\eliott clavier\desktop\le bureau du bureau\ecole\projets\projetc++\opengl_init\x64\debug\vc143.pdb
e:\users\eliott clavier\desktop\le bureau du bureau\ecole\projets\projetc++\opengl_init\x64\debug\vc143.idb
e:\users\eliott clavier\desktop\le bureau du bureau\ecole\projets\projetc++\opengl_init\x64\debug\main.obj
e:\users\eliott clavier\desktop\le bureau du bureau\ecole\projets\projetc++\opengl_init\x64\debug\opengl_init.pdb
e:\users\eliott clavier\desktop\le bureau du bureau\ecole\projets\projetc++\opengl_init\x64\debug\opengl_init.tlog\cl.command.1.tlog
e:\users\eliott clavier\desktop\le bureau du bureau\ecole\projets\projetc++\opengl_init\x64\debug\opengl_init.tlog\cl.read.1.tlog
e:\users\eliott clavier\desktop\le bureau du bureau\ecole\projets\projetc++\opengl_init\x64\debug\opengl_init.tlog\cl.write.1.tlog
e:\users\eliott clavier\desktop\le bureau du bureau\ecole\projets\projetc++\opengl_init\x64\debug\opengl_init.tlog\link-cvtres.read.1.tlog
e:\users\eliott clavier\desktop\le bureau du bureau\ecole\projets\projetc++\opengl_init\x64\debug\opengl_init.tlog\link-cvtres.write.1.tlog
e:\users\eliott clavier\desktop\le bureau du bureau\ecole\projets\projetc++\opengl_init\x64\debug\opengl_init.tlog\link-rc.read.1.tlog
e:\users\eliott clavier\desktop\le bureau du bureau\ecole\projets\projetc++\opengl_init\x64\debug\opengl_init.tlog\link-rc.write.1.tlog
e:\users\eliott clavier\desktop\le bureau du bureau\ecole\projets\projetc++\opengl_init\x64\debug\opengl_init.tlog\link.18892-cvtres.read.1.tlog
e:\users\eliott clavier\desktop\le bureau du bureau\ecole\projets\projetc++\opengl_init\x64\debug\opengl_init.tlog\link.18892-cvtres.write.1.tlog
e:\users\eliott clavier\desktop\le bureau du bureau\ecole\projets\projetc++\opengl_init\x64\debug\opengl_init.tlog\link.18892-rc.read.1.tlog
e:\users\eliott clavier\desktop\le bureau du bureau\ecole\projets\projetc++\opengl_init\x64\debug\opengl_init.tlog\link.18892-rc.write.1.tlog
e:\users\eliott clavier\desktop\le bureau du bureau\ecole\projets\projetc++\opengl_init\x64\debug\opengl_init.tlog\link.18892.read.1.tlog
e:\users\eliott clavier\desktop\le bureau du bureau\ecole\projets\projetc++\opengl_init\x64\debug\opengl_init.tlog\link.18892.read.2.tlog
e:\users\eliott clavier\desktop\le bureau du bureau\ecole\projets\projetc++\opengl_init\x64\debug\opengl_init.tlog\link.18892.write.1.tlog
e:\users\eliott clavier\desktop\le bureau du bureau\ecole\projets\projetc++\opengl_init\x64\debug\opengl_init.tlog\link.command.1.tlog
e:\users\eliott clavier\desktop\le bureau du bureau\ecole\projets\projetc++\opengl_init\x64\debug\opengl_init.tlog\link.read.1.tlog
e:\users\eliott clavier\desktop\le bureau du bureau\ecole\projets\projetc++\opengl_init\x64\debug\opengl_init.tlog\link.read.2.tlog
e:\users\eliott clavier\desktop\le bureau du bureau\ecole\projets\projetc++\opengl_init\x64\debug\opengl_init.tlog\link.write.1.tlog
